# JRE version: OpenJDK Runtime Environment GraalVM CE 22.3.0 (17.0.5+8) (build 17.0.5+8-jvmci-22.3-b08)
# Java VM: OpenJDK 64-Bit Server VM GraalVM CE 22.3.0 (17.0.5+8-jvmci-22.3-b08, mixed mode, sharing, tiered, jvmci, jvmci compiler, compressed oops, compressed class ptrs, parallel gc, linux-amd64)
GC Precious Log:
 CPUs: 8 total, 1 available
 Memory: 1024M
 Large Page Support: Disabled
 NUMA Support: Disabled
 Compressed Oops: Enabled (32-bit)
 Alignments: Space 512K, Generation 512K, Heap 2M
 Heap Min Capacity: 100M
 Heap Initial Capacity: 100M
 Heap Max Capacity: 512M
 Pre-touch: Disabled
 Parallel Workers: 1
Heap:
 PSYoungGen      total 66048K, used 37376K [0x00000000f5580000, 0x00000000fb880000, 0x0000000100000000)
  eden space 37376K, 100% used [0x00000000f5580000,0x00000000f7a00000,0x00000000f7a00000)
  from space 28672K, 0% used [0x00000000f9c80000,0x00000000f9c80000,0x00000000fb880000)
  to   space 13312K, 0% used [0x00000000f7a00000,0x00000000f7a00000,0x00000000f8700000)
 ParOldGen       total 349696K, used 349695K [0x00000000e0000000, 0x00000000f5580000, 0x00000000f5580000)
  object space 349696K, 99% used [0x00000000e0000000,0x00000000f557fe10,0x00000000f5580000)
 Metaspace       used 49795K, committed 50880K, reserved 1097728K
  class space    used 4843K, committed 5248K, reserved 1048576K
GC Heap History (20 events):
Event: 1078.895 GC heap before
{Heap before GC invocations=589 (full 480):
 PSYoungGen      total 66048K, used 37375K [0x00000000f5580000, 0x00000000fb880000, 0x0000000100000000)
  eden space 37376K, 99% used [0x00000000f5580000,0x00000000f79ffff8,0x00000000f7a00000)
  from space 28672K, 0% used [0x00000000f9c80000,0x00000000f9c80000,0x00000000fb880000)
  to   space 13312K, 0% used [0x00000000f7a00000,0x00000000f7a00000,0x00000000f8700000)
 ParOldGen       total 349696K, used 349690K [0x00000000e0000000, 0x00000000f5580000, 0x00000000f5580000)
  object space 349696K, 99% used [0x00000000e0000000,0x00000000f557eb68,0x00000000f5580000)
 Metaspace       used 49795K, committed 50880K, reserved 1097728K
  class space    used 4843K, committed 5248K, reserved 1048576K
}
Event: 1080.966 GC heap after
{Heap after GC invocations=589 (full 480):
 PSYoungGen      total 50688K, used 37375K [0x00000000f5580000, 0x00000000fb880000, 0x0000000100000000)
  eden space 37376K, 99% used [0x00000000f5580000,0x00000000f79fff38,0x00000000f7a00000)
  from space 13312K, 0% used [0x00000000f7a00000,0x00000000f7a00000,0x00000000f8700000)
  to   space 28672K, 0% used [0x00000000f9c80000,0x00000000f9c80000,0x00000000fb880000)
 ParOldGen       total 349696K, used 349690K [0x00000000e0000000, 0x00000000f5580000, 0x00000000f5580000)
  object space 349696K, 99% used [0x00000000e0000000,0x00000000f557eaa8,0x00000000f5580000)
 Metaspace       used 49795K, committed 50880K, reserved 1097728K
  class space    used 4843K, committed 5248K, reserved 1048576K
}
Event: 1080.994 GC heap before
{Heap before GC invocations=590 (full 481):
 PSYoungGen      total 50688K, used 37375K [0x00000000f5580000, 0x00000000fb880000, 0x0000000100000000)
  eden space 37376K, 99% used [0x00000000f5580000,0x00000000f79ffff8,0x00000000f7a00000)
  from space 13312K, 0% used [0x00000000f7a00000,0x00000000f7a00000,0x00000000f8700000)
  to   space 28672K, 0% used [0x00000000f9c80000,0x00000000f9c80000,0x00000000fb880000)
 ParOldGen       total 349696K, used 349690K [0x00000000e0000000, 0x00000000f5580000, 0x00000000f5580000)
  object space 349696K, 99% used [0x00000000e0000000,0x00000000f557eaa8,0x00000000f5580000)
 Metaspace       used 49795K, committed 50880K, reserved 1097728K
  class space    used 4843K, committed 5248K, reserved 1048576K
}
Event: 1083.037 GC heap after
{Heap after GC invocations=590 (full 481):
 PSYoungGen      total 66048K, used 37375K [0x00000000f5580000, 0x00000000fb880000, 0x0000000100000000)
  eden space 37376K, 99% used [0x00000000f5580000,0x00000000f79fffc8,0x00000000f7a00000)
  from space 28672K, 0% used [0x00000000f9c80000,0x00000000f9c80000,0x00000000fb880000)
  to   space 13312K, 0% used [0x00000000f7a00000,0x00000000f7a00000,0x00000000f8700000)
 ParOldGen       total 349696K, used 349690K [0x00000000e0000000, 0x00000000f5580000, 0x00000000f5580000)
  object space 349696K, 99% used [0x00000000e0000000,0x00000000f557eaa8,0x00000000f5580000)
 Metaspace       used 49795K, committed 50880K, reserved 1097728K
  class space    used 4843K, committed 5248K, reserved 1048576K
}
Event: 1083.037 GC heap before
{Heap before GC invocations=591 (full 482):
 PSYoungGen      total 66048K, used 37375K [0x00000000f5580000, 0x00000000fb880000, 0x0000000100000000)
  eden space 37376K, 99% used [0x00000000f5580000,0x00000000f79ffff8,0x00000000f7a00000)
  from space 28672K, 0% used [0x00000000f9c80000,0x00000000f9c80000,0x00000000fb880000)
  to   space 13312K, 0% used [0x00000000f7a00000,0x00000000f7a00000,0x00000000f8700000)
 ParOldGen       total 349696K, used 349690K [0x00000000e0000000, 0x00000000f5580000, 0x00000000f5580000)
  object space 349696K, 99% used [0x00000000e0000000,0x00000000f557eaa8,0x00000000f5580000)
 Metaspace       used 49795K, committed 50880K, reserved 1097728K
  class space    used 4843K, committed 5248K, reserved 1048576K
}
Event: 1084.988 GC heap after
{Heap after GC invocations=591 (full 482):
 PSYoungGen      total 50688K, used 37375K [0x00000000f5580000, 0x00000000fb880000, 0x0000000100000000)
  eden space 37376K, 99% used [0x00000000f5580000,0x00000000f79ffff8,0x00000000f7a00000)
  from space 13312K, 0% used [0x00000000f7a00000,0x00000000f7a00000,0x00000000f8700000)
  to   space 28672K, 0% used [0x00000000f9c80000,0x00000000f9c80000,0x00000000fb880000)
 ParOldGen       total 349696K, used 349690K [0x00000000e0000000, 0x00000000f5580000, 0x00000000f5580000)
  object space 349696K, 99% used [0x00000000e0000000,0x00000000f557ea88,0x00000000f5580000)
 Metaspace       used 49795K, committed 50880K, reserved 1097728K
  class space    used 4843K, committed 5248K, reserved 1048576K
}
Event: 1084.997 GC heap before
{Heap before GC invocations=592 (full 483):
 PSYoungGen      total 50688K, used 37375K [0x00000000f5580000, 0x00000000fb880000, 0x0000000100000000)
  eden space 37376K, 99% used [0x00000000f5580000,0x00000000f79ffff8,0x00000000f7a00000)
  from space 13312K, 0% used [0x00000000f7a00000,0x00000000f7a00000,0x00000000f8700000)
  to   space 28672K, 0% used [0x00000000f9c80000,0x00000000f9c80000,0x00000000fb880000)
 ParOldGen       total 349696K, used 349692K [0x00000000e0000000, 0x00000000f5580000, 0x00000000f5580000)
  object space 349696K, 99% used [0x00000000e0000000,0x00000000f557f260,0x00000000f5580000)
 Metaspace       used 49795K, committed 50880K, reserved 1097728K
  class space    used 4843K, committed 5248K, reserved 1048576K
}
Event: 1087.127 GC heap after
{Heap after GC invocations=592 (full 483):
 PSYoungGen      total 66048K, used 37375K [0x00000000f5580000, 0x00000000fb880000, 0x0000000100000000)
  eden space 37376K, 99% used [0x00000000f5580000,0x00000000f79ffea8,0x00000000f7a00000)
  from space 28672K, 0% used [0x00000000f9c80000,0x00000000f9c80000,0x00000000fb880000)
  to   space 13312K, 0% used [0x00000000f7a00000,0x00000000f7a00000,0x00000000f8700000)
 ParOldGen       total 349696K, used 349692K [0x00000000e0000000, 0x00000000f5580000, 0x00000000f5580000)
  object space 349696K, 99% used [0x00000000e0000000,0x00000000f557f180,0x00000000f5580000)
 Metaspace       used 49795K, committed 50880K, reserved 1097728K
  class space    used 4843K, committed 5248K, reserved 1048576K
}
Event: 1087.127 GC heap before
{Heap before GC invocations=593 (full 484):
 PSYoungGen      total 66048K, used 37375K [0x00000000f5580000, 0x00000000fb880000, 0x0000000100000000)
  eden space 37376K, 99% used [0x00000000f5580000,0x00000000f79ffff8,0x00000000f7a00000)
  from space 28672K, 0% used [0x00000000f9c80000,0x00000000f9c80000,0x00000000fb880000)
  to   space 13312K, 0% used [0x00000000f7a00000,0x00000000f7a00000,0x00000000f8700000)
 ParOldGen       total 349696K, used 349692K [0x00000000e0000000, 0x00000000f5580000, 0x00000000f5580000)
  object space 349696K, 99% used [0x00000000e0000000,0x00000000f557f180,0x00000000f5580000)
 Metaspace       used 49795K, committed 50880K, reserved 1097728K
  class space    used 4843K, committed 5248K, reserved 1048576K
}
Event: 1089.099 GC heap after
{Heap after GC invocations=593 (full 484):
 PSYoungGen      total 50688K, used 37375K [0x00000000f5580000, 0x00000000fb880000, 0x0000000100000000)
  eden space 37376K, 99% used [0x00000000f5580000,0x00000000f79fff98,0x00000000f7a00000)
  from space 13312K, 0% used [0x00000000f7a00000,0x00000000f7a00000,0x00000000f8700000)
  to   space 28672K, 0% used [0x00000000f9c80000,0x00000000f9c80000,0x00000000fb880000)
 ParOldGen       total 349696K, used 349692K [0x00000000e0000000, 0x00000000f5580000, 0x00000000f5580000)
  object space 349696K, 99% used [0x00000000e0000000,0x00000000f557f168,0x00000000f5580000)
 Metaspace       used 49795K, committed 50880K, reserved 1097728K
  class space    used 4843K, committed 5248K, reserved 1048576K
}
Event: 1089.100 GC heap before
{Heap before GC invocations=594 (full 485):
 PSYoungGen      total 50688K, used 37375K [0x00000000f5580000, 0x00000000fb880000, 0x0000000100000000)
  eden space 37376K, 99% used [0x00000000f5580000,0x00000000f79fffe8,0x00000000f7a00000)
  from space 13312K, 0% used [0x00000000f7a00000,0x00000000f7a00000,0x00000000f8700000)
  to   space 28672K, 0% used [0x00000000f9c80000,0x00000000f9c80000,0x00000000fb880000)
 ParOldGen       total 349696K, used 349692K [0x00000000e0000000, 0x00000000f5580000, 0x00000000f5580000)
  object space 349696K, 99% used [0x00000000e0000000,0x00000000f557f168,0x00000000f5580000)
 Metaspace       used 49795K, committed 50880K, reserved 1097728K
  class space    used 4843K, committed 5248K, reserved 1048576K
}
Event: 1091.146 GC heap after
{Heap after GC invocations=594 (full 485):
 PSYoungGen      total 66048K, used 37375K [0x00000000f5580000, 0x00000000fb880000, 0x0000000100000000)
  eden space 37376K, 99% used [0x00000000f5580000,0x00000000f79fffe8,0x00000000f7a00000)
  from space 28672K, 0% used [0x00000000f9c80000,0x00000000f9c80000,0x00000000fb880000)
  to   space 13312K, 0% used [0x00000000f7a00000,0x00000000f7a00000,0x00000000f8700000)
 ParOldGen       total 349696K, used 349692K [0x00000000e0000000, 0x00000000f5580000, 0x00000000f5580000)
  object space 349696K, 99% used [0x00000000e0000000,0x00000000f557f168,0x00000000f5580000)
 Metaspace       used 49795K, committed 50880K, reserved 1097728K
  class space    used 4843K, committed 5248K, reserved 1048576K
}
Event: 1091.147 GC heap before
{Heap before GC invocations=595 (full 486):
 PSYoungGen      total 66048K, used 37375K [0x00000000f5580000, 0x00000000fb880000, 0x0000000100000000)
  eden space 37376K, 99% used [0x00000000f5580000,0x00000000f79ffff8,0x00000000f7a00000)
  from space 28672K, 0% used [0x00000000f9c80000,0x00000000f9c80000,0x00000000fb880000)
  to   space 13312K, 0% used [0x00000000f7a00000,0x00000000f7a00000,0x00000000f8700000)
 ParOldGen       total 349696K, used 349693K [0x00000000e0000000, 0x00000000f5580000, 0x00000000f5580000)
  object space 349696K, 99% used [0x00000000e0000000,0x00000000f557f7a8,0x00000000f5580000)
 Metaspace       used 49795K, committed 50880K, reserved 1097728K
  class space    used 4843K, committed 5248K, reserved 1048576K
}
Event: 1093.145 GC heap after
{Heap after GC invocations=595 (full 486):
 PSYoungGen      total 50688K, used 37375K [0x00000000f5580000, 0x00000000fb880000, 0x0000000100000000)
  eden space 37376K, 99% used [0x00000000f5580000,0x00000000f79fff10,0x00000000f7a00000)
  from space 13312K, 0% used [0x00000000f7a00000,0x00000000f7a00000,0x00000000f8700000)
  to   space 28672K, 0% used [0x00000000f9c80000,0x00000000f9c80000,0x00000000fb880000)
 ParOldGen       total 349696K, used 349693K [0x00000000e0000000, 0x00000000f5580000, 0x00000000f5580000)
  object space 349696K, 99% used [0x00000000e0000000,0x00000000f557f508,0x00000000f5580000)
 Metaspace       used 49795K, committed 50880K, reserved 1097728K
  class space    used 4843K, committed 5248K, reserved 1048576K
}
Event: 1093.150 GC heap before
{Heap before GC invocations=596 (full 487):
 PSYoungGen      total 50688K, used 37375K [0x00000000f5580000, 0x00000000fb880000, 0x0000000100000000)
  eden space 37376K, 99% used [0x00000000f5580000,0x00000000f79ffff8,0x00000000f7a00000)
  from space 13312K, 0% used [0x00000000f7a00000,0x00000000f7a00000,0x00000000f8700000)
  to   space 28672K, 0% used [0x00000000f9c80000,0x00000000f9c80000,0x00000000fb880000)
 ParOldGen       total 349696K, used 349693K [0x00000000e0000000, 0x00000000f5580000, 0x00000000f5580000)
  object space 349696K, 99% used [0x00000000e0000000,0x00000000f557f508,0x00000000f5580000)
 Metaspace       used 49795K, committed 50880K, reserved 1097728K
  class space    used 4843K, committed 5248K, reserved 1048576K
}
Event: 1095.341 GC heap after
{Heap after GC invocations=596 (full 487):
 PSYoungGen      total 66048K, used 37375K [0x00000000f5580000, 0x00000000fb880000, 0x0000000100000000)
  eden space 37376K, 99% used [0x00000000f5580000,0x00000000f79fff28,0x00000000f7a00000)
  from space 28672K, 0% used [0x00000000f9c80000,0x00000000f9c80000,0x00000000fb880000)
  to   space 13312K, 0% used [0x00000000f7a00000,0x00000000f7a00000,0x00000000f8700000)
 ParOldGen       total 349696K, used 349693K [0x00000000e0000000, 0x00000000f5580000, 0x00000000f5580000)
  object space 349696K, 99% used [0x00000000e0000000,0x00000000f557f508,0x00000000f5580000)
 Metaspace       used 49795K, committed 50880K, reserved 1097728K
  class space    used 4843K, committed 5248K, reserved 1048576K
}
Event: 1095.344 GC heap before
{Heap before GC invocations=597 (full 488):
 PSYoungGen      total 66048K, used 37375K [0x00000000f5580000, 0x00000000fb880000, 0x0000000100000000)
  eden space 37376K, 99% used [0x00000000f5580000,0x00000000f79fffb0,0x00000000f7a00000)
  from space 28672K, 0% used [0x00000000f9c80000,0x00000000f9c80000,0x00000000fb880000)
  to   space 13312K, 0% used [0x00000000f7a00000,0x00000000f7a00000,0x00000000f8700000)
 ParOldGen       total 349696K, used 349693K [0x00000000e0000000, 0x00000000f5580000, 0x00000000f5580000)
  object space 349696K, 99% used [0x00000000e0000000,0x00000000f557f508,0x00000000f5580000)
 Metaspace       used 49795K, committed 50880K, reserved 1097728K
  class space    used 4843K, committed 5248K, reserved 1048576K
}
Event: 1097.532 GC heap after
{Heap after GC invocations=597 (full 488):
 PSYoungGen      total 50688K, used 37375K [0x00000000f5580000, 0x00000000fb880000, 0x0000000100000000)
  eden space 37376K, 99% used [0x00000000f5580000,0x00000000f79fff70,0x00000000f7a00000)
  from space 13312K, 0% used [0x00000000f7a00000,0x00000000f7a00000,0x00000000f8700000)
  to   space 28672K, 0% used [0x00000000f9c80000,0x00000000f9c80000,0x00000000fb880000)
 ParOldGen       total 349696K, used 349693K [0x00000000e0000000, 0x00000000f5580000, 0x00000000f5580000)
  object space 349696K, 99% used [0x00000000e0000000,0x00000000f557f508,0x00000000f5580000)
 Metaspace       used 49795K, committed 50880K, reserved 1097728K
  class space    used 4843K, committed 5248K, reserved 1048576K
}
Event: 1097.532 GC heap before
{Heap before GC invocations=598 (full 489):
 PSYoungGen      total 50688K, used 37375K [0x00000000f5580000, 0x00000000fb880000, 0x0000000100000000)
  eden space 37376K, 99% used [0x00000000f5580000,0x00000000f79fff70,0x00000000f7a00000)
  from space 13312K, 0% used [0x00000000f7a00000,0x00000000f7a00000,0x00000000f8700000)
  to   space 28672K, 0% used [0x00000000f9c80000,0x00000000f9c80000,0x00000000fb880000)
 ParOldGen       total 349696K, used 349693K [0x00000000e0000000, 0x00000000f5580000, 0x00000000f5580000)
  object space 349696K, 99% used [0x00000000e0000000,0x00000000f557f508,0x00000000f5580000)
 Metaspace       used 49795K, committed 50880K, reserved 1097728K
  class space    used 4843K, committed 5248K, reserved 1048576K
}
Event: 1099.847 GC heap after
{Heap after GC invocations=598 (full 489):
 PSYoungGen      total 66048K, used 37375K [0x00000000f5580000, 0x00000000fb880000, 0x0000000100000000)
  eden space 37376K, 99% used [0x00000000f5580000,0x00000000f79fff70,0x00000000f7a00000)
  from space 28672K, 0% used [0x00000000f9c80000,0x00000000f9c80000,0x00000000fb880000)
  to   space 13312K, 0% used [0x00000000f7a00000,0x00000000f7a00000,0x00000000f8700000)
 ParOldGen       total 349696K, used 349693K [0x00000000e0000000, 0x00000000f5580000, 0x00000000f5580000)
  object space 349696K, 99% used [0x00000000e0000000,0x00000000f557f508,0x00000000f5580000)
 Metaspace       used 49795K, committed 50880K, reserved 1097728K
  class space    used 4843K, committed 5248K, reserved 1048576K
}

